[0.230s] DEBUG:colcon:Command line arguments: ['/usr/bin/colcon', 'build']
[0.230s] DEBUG:colcon:Parsed command line arguments: Namespace(log_base=None, log_level=None, verb_name='build', build_base='build', install_base='install', merge_install=False, symlink_install=False, test_result_base=None, continue_on_error=False, executor='parallel', parallel_workers=12, event_handlers=None, ignore_user_meta=False, metas=['./colcon.meta'], base_paths=['.'], packages_ignore=None, packages_ignore_regex=None, paths=None, packages_up_to=None, packages_up_to_regex=None, packages_above=None, packages_above_and_dependencies=None, packages_above_depth=None, packages_select_by_dep=None, packages_skip_by_dep=None, packages_skip_up_to=None, packages_select_build_failed=False, packages_skip_build_finished=False, packages_select_test_failures=False, packages_skip_test_passed=False, packages_select=None, packages_skip=None, packages_select_regex=None, packages_skip_regex=None, packages_start=None, packages_end=None, allow_overriding=[], cmake_args=None, cmake_target=None, cmake_target_skip_unavailable=False, cmake_clean_cache=False, cmake_clean_first=False, cmake_force_configure=False, ament_cmake_args=None, catkin_cmake_args=None, catkin_skip_building_tests=False, mixin_files=None, mixin=None, verb_parser=<colcon_mixin.mixin.mixin_argument.MixinArgumentDecorator object at 0x7f44e32468f0>, verb_extension=<colcon_core.verb.build.BuildVerb object at 0x7f44e3246200>, main=<bound method BuildVerb.main of <colcon_core.verb.build.BuildVerb object at 0x7f44e3246200>>, mixin_verb=('build',))
[0.577s] Level 1:colcon.colcon_core.package_discovery:discover_packages(colcon_meta) check parameters
[0.577s] Level 1:colcon.colcon_core.package_discovery:discover_packages(recursive) check parameters
[0.577s] Level 1:colcon.colcon_core.package_discovery:discover_packages(ignore) check parameters
[0.577s] Level 1:colcon.colcon_core.package_discovery:discover_packages(path) check parameters
[0.577s] Level 1:colcon.colcon_core.package_discovery:discover_packages(colcon_meta) discover
[0.578s] Level 1:colcon.colcon_core.package_discovery:discover_packages(recursive) discover
[0.578s] INFO:colcon.colcon_core.package_discovery:Crawling recursively for packages in '/home/vectioneer/git/ros2_laser_scan_merger'
[0.578s] Level 1:colcon.colcon_core.package_identification:_identify(.) by extensions ['ignore', 'ignore_ament_install']
[0.579s] Level 1:colcon.colcon_core.package_identification:_identify(.) by extension 'ignore'
[0.579s] Level 1:colcon.colcon_core.package_identification:_identify(.) by extension 'ignore_ament_install'
[0.579s] Level 1:colcon.colcon_core.package_identification:_identify(.) by extensions ['colcon_pkg']
[0.579s] Level 1:colcon.colcon_core.package_identification:_identify(.) by extension 'colcon_pkg'
[0.579s] Level 1:colcon.colcon_core.package_identification:_identify(.) by extensions ['colcon_meta']
[0.579s] Level 1:colcon.colcon_core.package_identification:_identify(.) by extension 'colcon_meta'
[0.580s] Level 1:colcon.colcon_core.package_identification:_identify(.) by extensions ['ros']
[0.580s] Level 1:colcon.colcon_core.package_identification:_identify(.) by extension 'ros'
[0.611s] DEBUG:colcon.colcon_core.package_identification:Package '.' with type 'ros.ament_cmake' and name 'ros2_laser_scan_merger'
[0.611s] Level 1:colcon.colcon_core.package_discovery:discover_packages(recursive) using defaults
[0.611s] Level 1:colcon.colcon_core.package_discovery:discover_packages(ignore) discover
[0.611s] Level 1:colcon.colcon_core.package_discovery:discover_packages(ignore) using defaults
[0.611s] Level 1:colcon.colcon_core.package_discovery:discover_packages(path) discover
[0.611s] Level 1:colcon.colcon_core.package_discovery:discover_packages(path) using defaults
[0.671s] Level 1:colcon.colcon_core.package_discovery:discover_packages(prefix_path) check parameters
[0.671s] Level 1:colcon.colcon_core.package_discovery:discover_packages(prefix_path) discover
[0.673s] DEBUG:colcon.colcon_installed_package_information.package_discovery:Found 1 installed packages in /home/vectioneer/git/pointcloud_to_laserscan/install
[0.674s] DEBUG:colcon.colcon_installed_package_information.package_discovery:Found 1 installed packages in /home/vectioneer/git/ros2_laser_scan_merger/install
[0.674s] DEBUG:colcon.colcon_installed_package_information.package_discovery:Found 1 installed packages in /home/vectioneer/git/MCX-ROS-Linker/install
[0.675s] DEBUG:colcon.colcon_installed_package_information.package_discovery:Found 1 installed packages in /home/vectioneer/ros2_ws/install
[0.677s] DEBUG:colcon.colcon_installed_package_information.package_discovery:Found 340 installed packages in /opt/ros/iron
[0.681s] Level 1:colcon.colcon_core.package_discovery:discover_packages(prefix_path) using defaults
[0.766s] Level 5:colcon.colcon_core.verb:set package 'ros2_laser_scan_merger' build argument 'cmake_args' from command line to 'None'
[0.767s] Level 5:colcon.colcon_core.verb:set package 'ros2_laser_scan_merger' build argument 'cmake_target' from command line to 'None'
[0.767s] Level 5:colcon.colcon_core.verb:set package 'ros2_laser_scan_merger' build argument 'cmake_target_skip_unavailable' from command line to 'False'
[0.767s] Level 5:colcon.colcon_core.verb:set package 'ros2_laser_scan_merger' build argument 'cmake_clean_cache' from command line to 'False'
[0.767s] Level 5:colcon.colcon_core.verb:set package 'ros2_laser_scan_merger' build argument 'cmake_clean_first' from command line to 'False'
[0.767s] Level 5:colcon.colcon_core.verb:set package 'ros2_laser_scan_merger' build argument 'cmake_force_configure' from command line to 'False'
[0.767s] Level 5:colcon.colcon_core.verb:set package 'ros2_laser_scan_merger' build argument 'ament_cmake_args' from command line to 'None'
[0.767s] Level 5:colcon.colcon_core.verb:set package 'ros2_laser_scan_merger' build argument 'catkin_cmake_args' from command line to 'None'
[0.767s] Level 5:colcon.colcon_core.verb:set package 'ros2_laser_scan_merger' build argument 'catkin_skip_building_tests' from command line to 'False'
[0.767s] DEBUG:colcon.colcon_core.verb:Building package 'ros2_laser_scan_merger' with the following arguments: {'ament_cmake_args': None, 'build_base': '/home/vectioneer/git/ros2_laser_scan_merger/build/ros2_laser_scan_merger', 'catkin_cmake_args': None, 'catkin_skip_building_tests': False, 'cmake_args': None, 'cmake_clean_cache': False, 'cmake_clean_first': False, 'cmake_force_configure': False, 'cmake_target': None, 'cmake_target_skip_unavailable': False, 'install_base': '/home/vectioneer/git/ros2_laser_scan_merger/install/ros2_laser_scan_merger', 'merge_install': False, 'path': '/home/vectioneer/git/ros2_laser_scan_merger', 'symlink_install': False, 'test_result_base': None}
[0.767s] INFO:colcon.colcon_core.executor:Executing jobs using 'parallel' executor
[0.768s] DEBUG:colcon.colcon_parallel_executor.executor.parallel:run_until_complete
[0.769s] INFO:colcon.colcon_ros.task.ament_cmake.build:Building ROS package in '/home/vectioneer/git/ros2_laser_scan_merger' with build type 'ament_cmake'
[0.769s] INFO:colcon.colcon_cmake.task.cmake.build:Building CMake package in '/home/vectioneer/git/ros2_laser_scan_merger'
[0.772s] INFO:colcon.colcon_core.plugin_system:Skipping extension 'colcon_core.shell.bat': Not used on non-Windows systems
[0.772s] INFO:colcon.colcon_core.shell:Skip shell extension 'powershell' for command environment: Not usable outside of PowerShell
[0.772s] DEBUG:colcon.colcon_core.shell:Skip shell extension 'dsv' for command environment
[0.793s] DEBUG:colcon.colcon_core.event_handler.log_command:Invoking command in '/home/vectioneer/git/ros2_laser_scan_merger/build/ros2_laser_scan_merger': CMAKE_PREFIX_PATH=${CMAKE_PREFIX_PATH}:/home/vectioneer/git/MCX-ROS-Linker/install/mcx_ros_linker:/home/vectioneer/ros2_ws/install/mcx_linker:/opt/ros/iron /usr/bin/cmake --build /home/vectioneer/git/ros2_laser_scan_merger/build/ros2_laser_scan_merger -- -j12 -l12
[21.312s] DEBUG:colcon.colcon_core.event_handler.log_command:Invoked command in '/home/vectioneer/git/ros2_laser_scan_merger/build/ros2_laser_scan_merger' returned '0': CMAKE_PREFIX_PATH=${CMAKE_PREFIX_PATH}:/home/vectioneer/git/MCX-ROS-Linker/install/mcx_ros_linker:/home/vectioneer/ros2_ws/install/mcx_linker:/opt/ros/iron /usr/bin/cmake --build /home/vectioneer/git/ros2_laser_scan_merger/build/ros2_laser_scan_merger -- -j12 -l12
[21.373s] DEBUG:colcon.colcon_core.event_handler.log_command:Invoking command in '/home/vectioneer/git/ros2_laser_scan_merger/build/ros2_laser_scan_merger': CMAKE_PREFIX_PATH=${CMAKE_PREFIX_PATH}:/home/vectioneer/git/MCX-ROS-Linker/install/mcx_ros_linker:/home/vectioneer/ros2_ws/install/mcx_linker:/opt/ros/iron /usr/bin/cmake --install /home/vectioneer/git/ros2_laser_scan_merger/build/ros2_laser_scan_merger
[21.399s] Level 1:colcon.colcon_core.environment:create_environment_scripts_only(ros2_laser_scan_merger)
[21.401s] DEBUG:colcon.colcon_core.event_handler.log_command:Invoked command in '/home/vectioneer/git/ros2_laser_scan_merger/build/ros2_laser_scan_merger' returned '0': CMAKE_PREFIX_PATH=${CMAKE_PREFIX_PATH}:/home/vectioneer/git/MCX-ROS-Linker/install/mcx_ros_linker:/home/vectioneer/ros2_ws/install/mcx_linker:/opt/ros/iron /usr/bin/cmake --install /home/vectioneer/git/ros2_laser_scan_merger/build/ros2_laser_scan_merger
[21.404s] Level 1:colcon.colcon_core.environment:checking '/home/vectioneer/git/ros2_laser_scan_merger/install/ros2_laser_scan_merger' for CMake module files
[21.406s] Level 1:colcon.colcon_core.environment:checking '/home/vectioneer/git/ros2_laser_scan_merger/install/ros2_laser_scan_merger' for CMake config files
[21.406s] Level 1:colcon.colcon_core.shell:create_environment_hook('ros2_laser_scan_merger', 'cmake_prefix_path')
[21.407s] INFO:colcon.colcon_core.shell:Creating environment hook '/home/vectioneer/git/ros2_laser_scan_merger/install/ros2_laser_scan_merger/share/ros2_laser_scan_merger/hook/cmake_prefix_path.ps1'
[21.408s] INFO:colcon.colcon_core.shell:Creating environment descriptor '/home/vectioneer/git/ros2_laser_scan_merger/install/ros2_laser_scan_merger/share/ros2_laser_scan_merger/hook/cmake_prefix_path.dsv'
[21.409s] INFO:colcon.colcon_core.shell:Creating environment hook '/home/vectioneer/git/ros2_laser_scan_merger/install/ros2_laser_scan_merger/share/ros2_laser_scan_merger/hook/cmake_prefix_path.sh'
[21.410s] Level 1:colcon.colcon_core.environment:checking '/home/vectioneer/git/ros2_laser_scan_merger/install/ros2_laser_scan_merger/lib'
[21.411s] Level 1:colcon.colcon_core.environment:checking '/home/vectioneer/git/ros2_laser_scan_merger/install/ros2_laser_scan_merger/bin'
[21.411s] Level 1:colcon.colcon_core.environment:checking '/home/vectioneer/git/ros2_laser_scan_merger/install/ros2_laser_scan_merger/lib/pkgconfig/ros2_laser_scan_merger.pc'
[21.411s] Level 1:colcon.colcon_core.environment:checking '/home/vectioneer/git/ros2_laser_scan_merger/install/ros2_laser_scan_merger/lib/python3.10/site-packages'
[21.412s] Level 1:colcon.colcon_core.environment:checking '/home/vectioneer/git/ros2_laser_scan_merger/install/ros2_laser_scan_merger/bin'
[21.412s] INFO:colcon.colcon_core.shell:Creating package script '/home/vectioneer/git/ros2_laser_scan_merger/install/ros2_laser_scan_merger/share/ros2_laser_scan_merger/package.ps1'
[21.414s] INFO:colcon.colcon_core.shell:Creating package descriptor '/home/vectioneer/git/ros2_laser_scan_merger/install/ros2_laser_scan_merger/share/ros2_laser_scan_merger/package.dsv'
[21.415s] INFO:colcon.colcon_core.shell:Creating package script '/home/vectioneer/git/ros2_laser_scan_merger/install/ros2_laser_scan_merger/share/ros2_laser_scan_merger/package.sh'
[21.416s] INFO:colcon.colcon_core.shell:Creating package script '/home/vectioneer/git/ros2_laser_scan_merger/install/ros2_laser_scan_merger/share/ros2_laser_scan_merger/package.bash'
[21.417s] INFO:colcon.colcon_core.shell:Creating package script '/home/vectioneer/git/ros2_laser_scan_merger/install/ros2_laser_scan_merger/share/ros2_laser_scan_merger/package.zsh'
[21.418s] Level 1:colcon.colcon_core.environment:create_file_with_runtime_dependencies(/home/vectioneer/git/ros2_laser_scan_merger/install/ros2_laser_scan_merger/share/colcon-core/packages/ros2_laser_scan_merger)
[21.457s] Level 1:colcon.colcon_core.environment:create_environment_scripts_only(ros2_laser_scan_merger)
[21.458s] Level 1:colcon.colcon_core.environment:checking '/home/vectioneer/git/ros2_laser_scan_merger/install/ros2_laser_scan_merger' for CMake module files
[21.459s] Level 1:colcon.colcon_core.environment:checking '/home/vectioneer/git/ros2_laser_scan_merger/install/ros2_laser_scan_merger' for CMake config files
[21.459s] Level 1:colcon.colcon_core.shell:create_environment_hook('ros2_laser_scan_merger', 'cmake_prefix_path')
[21.459s] INFO:colcon.colcon_core.shell:Creating environment hook '/home/vectioneer/git/ros2_laser_scan_merger/install/ros2_laser_scan_merger/share/ros2_laser_scan_merger/hook/cmake_prefix_path.ps1'
[21.460s] INFO:colcon.colcon_core.shell:Creating environment descriptor '/home/vectioneer/git/ros2_laser_scan_merger/install/ros2_laser_scan_merger/share/ros2_laser_scan_merger/hook/cmake_prefix_path.dsv'
[21.460s] INFO:colcon.colcon_core.shell:Creating environment hook '/home/vectioneer/git/ros2_laser_scan_merger/install/ros2_laser_scan_merger/share/ros2_laser_scan_merger/hook/cmake_prefix_path.sh'
[21.461s] Level 1:colcon.colcon_core.environment:checking '/home/vectioneer/git/ros2_laser_scan_merger/install/ros2_laser_scan_merger/lib'
[21.461s] Level 1:colcon.colcon_core.environment:checking '/home/vectioneer/git/ros2_laser_scan_merger/install/ros2_laser_scan_merger/bin'
[21.462s] Level 1:colcon.colcon_core.environment:checking '/home/vectioneer/git/ros2_laser_scan_merger/install/ros2_laser_scan_merger/lib/pkgconfig/ros2_laser_scan_merger.pc'
[21.462s] Level 1:colcon.colcon_core.environment:checking '/home/vectioneer/git/ros2_laser_scan_merger/install/ros2_laser_scan_merger/lib/python3.10/site-packages'
[21.462s] Level 1:colcon.colcon_core.environment:checking '/home/vectioneer/git/ros2_laser_scan_merger/install/ros2_laser_scan_merger/bin'
[21.463s] INFO:colcon.colcon_core.shell:Creating package script '/home/vectioneer/git/ros2_laser_scan_merger/install/ros2_laser_scan_merger/share/ros2_laser_scan_merger/package.ps1'
[21.464s] INFO:colcon.colcon_core.shell:Creating package descriptor '/home/vectioneer/git/ros2_laser_scan_merger/install/ros2_laser_scan_merger/share/ros2_laser_scan_merger/package.dsv'
[21.465s] INFO:colcon.colcon_core.shell:Creating package script '/home/vectioneer/git/ros2_laser_scan_merger/install/ros2_laser_scan_merger/share/ros2_laser_scan_merger/package.sh'
[21.466s] INFO:colcon.colcon_core.shell:Creating package script '/home/vectioneer/git/ros2_laser_scan_merger/install/ros2_laser_scan_merger/share/ros2_laser_scan_merger/package.bash'
[21.467s] INFO:colcon.colcon_core.shell:Creating package script '/home/vectioneer/git/ros2_laser_scan_merger/install/ros2_laser_scan_merger/share/ros2_laser_scan_merger/package.zsh'
[21.468s] Level 1:colcon.colcon_core.environment:create_file_with_runtime_dependencies(/home/vectioneer/git/ros2_laser_scan_merger/install/ros2_laser_scan_merger/share/colcon-core/packages/ros2_laser_scan_merger)
[21.469s] DEBUG:colcon.colcon_parallel_executor.executor.parallel:closing loop
[21.469s] DEBUG:colcon.colcon_parallel_executor.executor.parallel:loop closed
[21.470s] DEBUG:colcon.colcon_parallel_executor.executor.parallel:run_until_complete finished with '0'
[21.470s] DEBUG:colcon.colcon_core.event_reactor:joining thread
[21.480s] INFO:colcon.colcon_core.plugin_system:Skipping extension 'colcon_notification.desktop_notification.terminal_notifier': Not used on non-Darwin systems
[21.480s] INFO:colcon.colcon_core.plugin_system:Skipping extension 'colcon_notification.desktop_notification.win32': Not used on non-Windows systems
[21.480s] INFO:colcon.colcon_notification.desktop_notification:Sending desktop notification using 'notify2'
[21.508s] DEBUG:colcon.colcon_core.event_reactor:joined thread
[21.509s] INFO:colcon.colcon_core.shell:Creating prefix script '/home/vectioneer/git/ros2_laser_scan_merger/install/local_setup.ps1'
[21.510s] INFO:colcon.colcon_core.shell:Creating prefix util module '/home/vectioneer/git/ros2_laser_scan_merger/install/_local_setup_util_ps1.py'
[21.513s] INFO:colcon.colcon_core.shell:Creating prefix chain script '/home/vectioneer/git/ros2_laser_scan_merger/install/setup.ps1'
[21.516s] INFO:colcon.colcon_core.shell:Creating prefix script '/home/vectioneer/git/ros2_laser_scan_merger/install/local_setup.sh'
[21.517s] INFO:colcon.colcon_core.shell:Creating prefix util module '/home/vectioneer/git/ros2_laser_scan_merger/install/_local_setup_util_sh.py'
[21.517s] INFO:colcon.colcon_core.shell:Creating prefix chain script '/home/vectioneer/git/ros2_laser_scan_merger/install/setup.sh'
[21.518s] INFO:colcon.colcon_core.shell:Creating prefix script '/home/vectioneer/git/ros2_laser_scan_merger/install/local_setup.bash'
[21.519s] INFO:colcon.colcon_core.shell:Creating prefix chain script '/home/vectioneer/git/ros2_laser_scan_merger/install/setup.bash'
[21.520s] INFO:colcon.colcon_core.shell:Creating prefix script '/home/vectioneer/git/ros2_laser_scan_merger/install/local_setup.zsh'
[21.522s] INFO:colcon.colcon_core.shell:Creating prefix chain script '/home/vectioneer/git/ros2_laser_scan_merger/install/setup.zsh'
