[0.207s] DEBUG:colcon:Command line arguments: ['/usr/bin/colcon', 'build']
[0.207s] DEBUG:colcon:Parsed command line arguments: Namespace(log_base=None, log_level=None, verb_name='build', build_base='build', install_base='install', merge_install=False, symlink_install=False, test_result_base=None, continue_on_error=False, executor='parallel', parallel_workers=12, event_handlers=None, ignore_user_meta=False, metas=['./colcon.meta'], base_paths=['.'], packages_ignore=None, packages_ignore_regex=None, paths=None, packages_up_to=None, packages_up_to_regex=None, packages_above=None, packages_above_and_dependencies=None, packages_above_depth=None, packages_select_by_dep=None, packages_skip_by_dep=None, packages_skip_up_to=None, packages_select_build_failed=False, packages_skip_build_finished=False, packages_select_test_failures=False, packages_skip_test_passed=False, packages_select=None, packages_skip=None, packages_select_regex=None, packages_skip_regex=None, packages_start=None, packages_end=None, allow_overriding=[], cmake_args=None, cmake_target=None, cmake_target_skip_unavailable=False, cmake_clean_cache=False, cmake_clean_first=False, cmake_force_configure=False, ament_cmake_args=None, catkin_cmake_args=None, catkin_skip_building_tests=False, mixin_files=None, mixin=None, verb_parser=<colcon_mixin.mixin.mixin_argument.MixinArgumentDecorator object at 0x7feba1e4a8f0>, verb_extension=<colcon_core.verb.build.BuildVerb object at 0x7feba1e4a200>, main=<bound method BuildVerb.main of <colcon_core.verb.build.BuildVerb object at 0x7feba1e4a200>>, mixin_verb=('build',))
[0.601s] Level 1:colcon.colcon_core.package_discovery:discover_packages(colcon_meta) check parameters
[0.601s] Level 1:colcon.colcon_core.package_discovery:discover_packages(recursive) check parameters
[0.601s] Level 1:colcon.colcon_core.package_discovery:discover_packages(ignore) check parameters
[0.601s] Level 1:colcon.colcon_core.package_discovery:discover_packages(path) check parameters
[0.601s] Level 1:colcon.colcon_core.package_discovery:discover_packages(colcon_meta) discover
[0.601s] Level 1:colcon.colcon_core.package_discovery:discover_packages(recursive) discover
[0.601s] INFO:colcon.colcon_core.package_discovery:Crawling recursively for packages in '/home/vectioneer/git/ros2_laser_scan_merger'
[0.601s] Level 1:colcon.colcon_core.package_identification:_identify(.) by extensions ['ignore', 'ignore_ament_install']
[0.602s] Level 1:colcon.colcon_core.package_identification:_identify(.) by extension 'ignore'
[0.602s] Level 1:colcon.colcon_core.package_identification:_identify(.) by extension 'ignore_ament_install'
[0.602s] Level 1:colcon.colcon_core.package_identification:_identify(.) by extensions ['colcon_pkg']
[0.602s] Level 1:colcon.colcon_core.package_identification:_identify(.) by extension 'colcon_pkg'
[0.602s] Level 1:colcon.colcon_core.package_identification:_identify(.) by extensions ['colcon_meta']
[0.602s] Level 1:colcon.colcon_core.package_identification:_identify(.) by extension 'colcon_meta'
[0.602s] Level 1:colcon.colcon_core.package_identification:_identify(.) by extensions ['ros']
[0.602s] Level 1:colcon.colcon_core.package_identification:_identify(.) by extension 'ros'
[0.632s] DEBUG:colcon.colcon_core.package_identification:Package '.' with type 'ros.ament_cmake' and name 'ros2_laser_scan_merger'
[0.633s] Level 1:colcon.colcon_core.package_discovery:discover_packages(recursive) using defaults
[0.633s] Level 1:colcon.colcon_core.package_discovery:discover_packages(ignore) discover
[0.633s] Level 1:colcon.colcon_core.package_discovery:discover_packages(ignore) using defaults
[0.633s] Level 1:colcon.colcon_core.package_discovery:discover_packages(path) discover
[0.633s] Level 1:colcon.colcon_core.package_discovery:discover_packages(path) using defaults
[0.701s] Level 1:colcon.colcon_core.package_discovery:discover_packages(prefix_path) check parameters
[0.701s] Level 1:colcon.colcon_core.package_discovery:discover_packages(prefix_path) discover
[0.706s] DEBUG:colcon.colcon_installed_package_information.package_discovery:Found 1 installed packages in /home/vectioneer/git/pointcloud_to_laserscan/install
[0.707s] DEBUG:colcon.colcon_installed_package_information.package_discovery:Found 1 installed packages in /home/vectioneer/git/ros2_laser_scan_merger/install
[0.709s] DEBUG:colcon.colcon_installed_package_information.package_discovery:Found 1 installed packages in /home/vectioneer/git/MCX-ROS-Linker/install
[0.709s] DEBUG:colcon.colcon_installed_package_information.package_discovery:Found 1 installed packages in /home/vectioneer/ros2_ws/install
[0.712s] DEBUG:colcon.colcon_installed_package_information.package_discovery:Found 340 installed packages in /opt/ros/iron
[0.715s] Level 1:colcon.colcon_core.package_discovery:discover_packages(prefix_path) using defaults
[0.783s] Level 5:colcon.colcon_core.verb:set package 'ros2_laser_scan_merger' build argument 'cmake_args' from command line to 'None'
[0.783s] Level 5:colcon.colcon_core.verb:set package 'ros2_laser_scan_merger' build argument 'cmake_target' from command line to 'None'
[0.783s] Level 5:colcon.colcon_core.verb:set package 'ros2_laser_scan_merger' build argument 'cmake_target_skip_unavailable' from command line to 'False'
[0.783s] Level 5:colcon.colcon_core.verb:set package 'ros2_laser_scan_merger' build argument 'cmake_clean_cache' from command line to 'False'
[0.783s] Level 5:colcon.colcon_core.verb:set package 'ros2_laser_scan_merger' build argument 'cmake_clean_first' from command line to 'False'
[0.783s] Level 5:colcon.colcon_core.verb:set package 'ros2_laser_scan_merger' build argument 'cmake_force_configure' from command line to 'False'
[0.784s] Level 5:colcon.colcon_core.verb:set package 'ros2_laser_scan_merger' build argument 'ament_cmake_args' from command line to 'None'
[0.784s] Level 5:colcon.colcon_core.verb:set package 'ros2_laser_scan_merger' build argument 'catkin_cmake_args' from command line to 'None'
[0.784s] Level 5:colcon.colcon_core.verb:set package 'ros2_laser_scan_merger' build argument 'catkin_skip_building_tests' from command line to 'False'
[0.784s] DEBUG:colcon.colcon_core.verb:Building package 'ros2_laser_scan_merger' with the following arguments: {'ament_cmake_args': None, 'build_base': '/home/vectioneer/git/ros2_laser_scan_merger/build/ros2_laser_scan_merger', 'catkin_cmake_args': None, 'catkin_skip_building_tests': False, 'cmake_args': None, 'cmake_clean_cache': False, 'cmake_clean_first': False, 'cmake_force_configure': False, 'cmake_target': None, 'cmake_target_skip_unavailable': False, 'install_base': '/home/vectioneer/git/ros2_laser_scan_merger/install/ros2_laser_scan_merger', 'merge_install': False, 'path': '/home/vectioneer/git/ros2_laser_scan_merger', 'symlink_install': False, 'test_result_base': None}
[0.784s] INFO:colcon.colcon_core.executor:Executing jobs using 'parallel' executor
[0.785s] DEBUG:colcon.colcon_parallel_executor.executor.parallel:run_until_complete
[0.786s] INFO:colcon.colcon_ros.task.ament_cmake.build:Building ROS package in '/home/vectioneer/git/ros2_laser_scan_merger' with build type 'ament_cmake'
[0.787s] INFO:colcon.colcon_cmake.task.cmake.build:Building CMake package in '/home/vectioneer/git/ros2_laser_scan_merger'
[0.791s] INFO:colcon.colcon_core.plugin_system:Skipping extension 'colcon_core.shell.bat': Not used on non-Windows systems
[0.792s] INFO:colcon.colcon_core.shell:Skip shell extension 'powershell' for command environment: Not usable outside of PowerShell
[0.792s] DEBUG:colcon.colcon_core.shell:Skip shell extension 'dsv' for command environment
[0.814s] DEBUG:colcon.colcon_core.event_handler.log_command:Invoking command in '/home/vectioneer/git/ros2_laser_scan_merger/build/ros2_laser_scan_merger': CMAKE_PREFIX_PATH=${CMAKE_PREFIX_PATH}:/home/vectioneer/git/MCX-ROS-Linker/install/mcx_ros_linker:/home/vectioneer/ros2_ws/install/mcx_linker:/opt/ros/iron /usr/bin/cmake --build /home/vectioneer/git/ros2_laser_scan_merger/build/ros2_laser_scan_merger -- -j12 -l12
[22.175s] DEBUG:colcon.colcon_core.event_handler.log_command:Invoked command in '/home/vectioneer/git/ros2_laser_scan_merger/build/ros2_laser_scan_merger' returned '0': CMAKE_PREFIX_PATH=${CMAKE_PREFIX_PATH}:/home/vectioneer/git/MCX-ROS-Linker/install/mcx_ros_linker:/home/vectioneer/ros2_ws/install/mcx_linker:/opt/ros/iron /usr/bin/cmake --build /home/vectioneer/git/ros2_laser_scan_merger/build/ros2_laser_scan_merger -- -j12 -l12
[22.248s] DEBUG:colcon.colcon_core.event_handler.log_command:Invoking command in '/home/vectioneer/git/ros2_laser_scan_merger/build/ros2_laser_scan_merger': CMAKE_PREFIX_PATH=${CMAKE_PREFIX_PATH}:/home/vectioneer/git/MCX-ROS-Linker/install/mcx_ros_linker:/home/vectioneer/ros2_ws/install/mcx_linker:/opt/ros/iron /usr/bin/cmake --install /home/vectioneer/git/ros2_laser_scan_merger/build/ros2_laser_scan_merger
[22.274s] Level 1:colcon.colcon_core.environment:create_environment_scripts_only(ros2_laser_scan_merger)
[22.275s] DEBUG:colcon.colcon_core.event_handler.log_command:Invoked command in '/home/vectioneer/git/ros2_laser_scan_merger/build/ros2_laser_scan_merger' returned '0': CMAKE_PREFIX_PATH=${CMAKE_PREFIX_PATH}:/home/vectioneer/git/MCX-ROS-Linker/install/mcx_ros_linker:/home/vectioneer/ros2_ws/install/mcx_linker:/opt/ros/iron /usr/bin/cmake --install /home/vectioneer/git/ros2_laser_scan_merger/build/ros2_laser_scan_merger
[22.281s] Level 1:colcon.colcon_core.environment:checking '/home/vectioneer/git/ros2_laser_scan_merger/install/ros2_laser_scan_merger' for CMake module files
[22.282s] Level 1:colcon.colcon_core.environment:checking '/home/vectioneer/git/ros2_laser_scan_merger/install/ros2_laser_scan_merger' for CMake config files
[22.282s] Level 1:colcon.colcon_core.shell:create_environment_hook('ros2_laser_scan_merger', 'cmake_prefix_path')
[22.283s] INFO:colcon.colcon_core.shell:Creating environment hook '/home/vectioneer/git/ros2_laser_scan_merger/install/ros2_laser_scan_merger/share/ros2_laser_scan_merger/hook/cmake_prefix_path.ps1'
[22.284s] INFO:colcon.colcon_core.shell:Creating environment descriptor '/home/vectioneer/git/ros2_laser_scan_merger/install/ros2_laser_scan_merger/share/ros2_laser_scan_merger/hook/cmake_prefix_path.dsv'
[22.285s] INFO:colcon.colcon_core.shell:Creating environment hook '/home/vectioneer/git/ros2_laser_scan_merger/install/ros2_laser_scan_merger/share/ros2_laser_scan_merger/hook/cmake_prefix_path.sh'
[22.288s] Level 1:colcon.colcon_core.environment:checking '/home/vectioneer/git/ros2_laser_scan_merger/install/ros2_laser_scan_merger/lib'
[22.289s] Level 1:colcon.colcon_core.environment:checking '/home/vectioneer/git/ros2_laser_scan_merger/install/ros2_laser_scan_merger/bin'
[22.289s] Level 1:colcon.colcon_core.environment:checking '/home/vectioneer/git/ros2_laser_scan_merger/install/ros2_laser_scan_merger/lib/pkgconfig/ros2_laser_scan_merger.pc'
[22.290s] Level 1:colcon.colcon_core.environment:checking '/home/vectioneer/git/ros2_laser_scan_merger/install/ros2_laser_scan_merger/lib/python3.10/site-packages'
[22.290s] Level 1:colcon.colcon_core.environment:checking '/home/vectioneer/git/ros2_laser_scan_merger/install/ros2_laser_scan_merger/bin'
[22.291s] INFO:colcon.colcon_core.shell:Creating package script '/home/vectioneer/git/ros2_laser_scan_merger/install/ros2_laser_scan_merger/share/ros2_laser_scan_merger/package.ps1'
[22.293s] INFO:colcon.colcon_core.shell:Creating package descriptor '/home/vectioneer/git/ros2_laser_scan_merger/install/ros2_laser_scan_merger/share/ros2_laser_scan_merger/package.dsv'
[22.294s] INFO:colcon.colcon_core.shell:Creating package script '/home/vectioneer/git/ros2_laser_scan_merger/install/ros2_laser_scan_merger/share/ros2_laser_scan_merger/package.sh'
[22.296s] INFO:colcon.colcon_core.shell:Creating package script '/home/vectioneer/git/ros2_laser_scan_merger/install/ros2_laser_scan_merger/share/ros2_laser_scan_merger/package.bash'
[22.297s] INFO:colcon.colcon_core.shell:Creating package script '/home/vectioneer/git/ros2_laser_scan_merger/install/ros2_laser_scan_merger/share/ros2_laser_scan_merger/package.zsh'
[22.298s] Level 1:colcon.colcon_core.environment:create_file_with_runtime_dependencies(/home/vectioneer/git/ros2_laser_scan_merger/install/ros2_laser_scan_merger/share/colcon-core/packages/ros2_laser_scan_merger)
[22.346s] Level 1:colcon.colcon_core.environment:create_environment_scripts_only(ros2_laser_scan_merger)
[22.348s] Level 1:colcon.colcon_core.environment:checking '/home/vectioneer/git/ros2_laser_scan_merger/install/ros2_laser_scan_merger' for CMake module files
[22.350s] Level 1:colcon.colcon_core.environment:checking '/home/vectioneer/git/ros2_laser_scan_merger/install/ros2_laser_scan_merger' for CMake config files
[22.350s] Level 1:colcon.colcon_core.shell:create_environment_hook('ros2_laser_scan_merger', 'cmake_prefix_path')
[22.350s] INFO:colcon.colcon_core.shell:Creating environment hook '/home/vectioneer/git/ros2_laser_scan_merger/install/ros2_laser_scan_merger/share/ros2_laser_scan_merger/hook/cmake_prefix_path.ps1'
[22.352s] INFO:colcon.colcon_core.shell:Creating environment descriptor '/home/vectioneer/git/ros2_laser_scan_merger/install/ros2_laser_scan_merger/share/ros2_laser_scan_merger/hook/cmake_prefix_path.dsv'
[22.353s] INFO:colcon.colcon_core.shell:Creating environment hook '/home/vectioneer/git/ros2_laser_scan_merger/install/ros2_laser_scan_merger/share/ros2_laser_scan_merger/hook/cmake_prefix_path.sh'
[22.354s] Level 1:colcon.colcon_core.environment:checking '/home/vectioneer/git/ros2_laser_scan_merger/install/ros2_laser_scan_merger/lib'
[22.354s] Level 1:colcon.colcon_core.environment:checking '/home/vectioneer/git/ros2_laser_scan_merger/install/ros2_laser_scan_merger/bin'
[22.354s] Level 1:colcon.colcon_core.environment:checking '/home/vectioneer/git/ros2_laser_scan_merger/install/ros2_laser_scan_merger/lib/pkgconfig/ros2_laser_scan_merger.pc'
[22.354s] Level 1:colcon.colcon_core.environment:checking '/home/vectioneer/git/ros2_laser_scan_merger/install/ros2_laser_scan_merger/lib/python3.10/site-packages'
[22.355s] Level 1:colcon.colcon_core.environment:checking '/home/vectioneer/git/ros2_laser_scan_merger/install/ros2_laser_scan_merger/bin'
[22.356s] INFO:colcon.colcon_core.shell:Creating package script '/home/vectioneer/git/ros2_laser_scan_merger/install/ros2_laser_scan_merger/share/ros2_laser_scan_merger/package.ps1'
[22.357s] INFO:colcon.colcon_core.shell:Creating package descriptor '/home/vectioneer/git/ros2_laser_scan_merger/install/ros2_laser_scan_merger/share/ros2_laser_scan_merger/package.dsv'
[22.358s] INFO:colcon.colcon_core.shell:Creating package script '/home/vectioneer/git/ros2_laser_scan_merger/install/ros2_laser_scan_merger/share/ros2_laser_scan_merger/package.sh'
[22.358s] INFO:colcon.colcon_core.shell:Creating package script '/home/vectioneer/git/ros2_laser_scan_merger/install/ros2_laser_scan_merger/share/ros2_laser_scan_merger/package.bash'
[22.359s] INFO:colcon.colcon_core.shell:Creating package script '/home/vectioneer/git/ros2_laser_scan_merger/install/ros2_laser_scan_merger/share/ros2_laser_scan_merger/package.zsh'
[22.359s] Level 1:colcon.colcon_core.environment:create_file_with_runtime_dependencies(/home/vectioneer/git/ros2_laser_scan_merger/install/ros2_laser_scan_merger/share/colcon-core/packages/ros2_laser_scan_merger)
[22.360s] DEBUG:colcon.colcon_parallel_executor.executor.parallel:closing loop
[22.360s] DEBUG:colcon.colcon_parallel_executor.executor.parallel:loop closed
[22.360s] DEBUG:colcon.colcon_parallel_executor.executor.parallel:run_until_complete finished with '0'
[22.360s] DEBUG:colcon.colcon_core.event_reactor:joining thread
[22.376s] INFO:colcon.colcon_core.plugin_system:Skipping extension 'colcon_notification.desktop_notification.terminal_notifier': Not used on non-Darwin systems
[22.376s] INFO:colcon.colcon_core.plugin_system:Skipping extension 'colcon_notification.desktop_notification.win32': Not used on non-Windows systems
[22.376s] INFO:colcon.colcon_notification.desktop_notification:Sending desktop notification using 'notify2'
[22.396s] DEBUG:colcon.colcon_core.event_reactor:joined thread
[22.396s] INFO:colcon.colcon_core.shell:Creating prefix script '/home/vectioneer/git/ros2_laser_scan_merger/install/local_setup.ps1'
[22.400s] INFO:colcon.colcon_core.shell:Creating prefix util module '/home/vectioneer/git/ros2_laser_scan_merger/install/_local_setup_util_ps1.py'
[22.404s] INFO:colcon.colcon_core.shell:Creating prefix chain script '/home/vectioneer/git/ros2_laser_scan_merger/install/setup.ps1'
[22.407s] INFO:colcon.colcon_core.shell:Creating prefix script '/home/vectioneer/git/ros2_laser_scan_merger/install/local_setup.sh'
[22.409s] INFO:colcon.colcon_core.shell:Creating prefix util module '/home/vectioneer/git/ros2_laser_scan_merger/install/_local_setup_util_sh.py'
[22.410s] INFO:colcon.colcon_core.shell:Creating prefix chain script '/home/vectioneer/git/ros2_laser_scan_merger/install/setup.sh'
[22.412s] INFO:colcon.colcon_core.shell:Creating prefix script '/home/vectioneer/git/ros2_laser_scan_merger/install/local_setup.bash'
[22.413s] INFO:colcon.colcon_core.shell:Creating prefix chain script '/home/vectioneer/git/ros2_laser_scan_merger/install/setup.bash'
[22.416s] INFO:colcon.colcon_core.shell:Creating prefix script '/home/vectioneer/git/ros2_laser_scan_merger/install/local_setup.zsh'
[22.418s] INFO:colcon.colcon_core.shell:Creating prefix chain script '/home/vectioneer/git/ros2_laser_scan_merger/install/setup.zsh'
