[0.029s] Invoking command in '/home/vectioneer/git/ros2_laser_scan_merger/build/ros2_laser_scan_merger': CMAKE_PREFIX_PATH=${CMAKE_PREFIX_PATH}:/home/vectioneer/git/MCX-ROS-Linker/install/mcx_ros_linker:/home/vectioneer/ros2_ws/install/mcx_linker:/opt/ros/iron /usr/bin/cmake --build /home/vectioneer/git/ros2_laser_scan_merger/build/ros2_laser_scan_merger -- -j12 -l12
[0.129s] [35m[1mConsolidate compiler generated dependencies of target ros2_laser_scan_merger[0m
[0.175s] [ 50%] [32mBuilding CXX object CMakeFiles/ros2_laser_scan_merger.dir/src/main.cpp.o[0m
[9.465s] [01m[K/home/vectioneer/git/ros2_laser_scan_merger/src/main.cpp:[m[K In constructor ‘[01m[KscanMerger::scanMerger()[m[K’:
[9.465s] [01m[K/home/vectioneer/git/ros2_laser_scan_merger/src/main.cpp:33:71:[m[K [01;31m[Kerror: [m[Kno matching function for call to ‘[01m[Krclcpp::QoS::QoS(rclcpp::ReliabilityPolicy)[m[K’
[9.465s]    33 |     auto default_qos = rclcpp::QoS(rclcpp::ReliabilityPolicy::Reliable[01;31m[K)[m[K;
[9.465s]       |                                                                       [01;31m[K^[m[K
[9.465s] In file included from [01m[K/opt/ros/iron/include/rclcpp/rclcpp/node_interfaces/node_graph_interface.hpp:33[m[K,
[9.466s]                  from [01m[K/opt/ros/iron/include/rclcpp/rclcpp/client.hpp:45[m[K,
[9.466s]                  from [01m[K/opt/ros/iron/include/rclcpp/rclcpp/callback_group.hpp:24[m[K,
[9.466s]                  from [01m[K/opt/ros/iron/include/rclcpp/rclcpp/any_executable.hpp:20[m[K,
[9.466s]                  from [01m[K/opt/ros/iron/include/rclcpp/rclcpp/memory_strategy.hpp:25[m[K,
[9.466s]                  from [01m[K/opt/ros/iron/include/rclcpp/rclcpp/memory_strategies.hpp:18[m[K,
[9.466s]                  from [01m[K/opt/ros/iron/include/rclcpp/rclcpp/executor_options.hpp:20[m[K,
[9.466s]                  from [01m[K/opt/ros/iron/include/rclcpp/rclcpp/executor.hpp:37[m[K,
[9.466s]                  from [01m[K/opt/ros/iron/include/rclcpp/rclcpp/executors/multi_threaded_executor.hpp:25[m[K,
[9.466s]                  from [01m[K/opt/ros/iron/include/rclcpp/rclcpp/executors.hpp:21[m[K,
[9.466s]                  from [01m[K/opt/ros/iron/include/rclcpp/rclcpp/rclcpp.hpp:167[m[K,
[9.466s]                  from [01m[K/home/vectioneer/git/ros2_laser_scan_merger/src/main.cpp:7[m[K:
[9.466s] [01m[K/opt/ros/iron/include/rclcpp/rclcpp/qos.hpp:146:3:[m[K [01;36m[Knote: [m[Kcandidate: ‘[01m[Krclcpp::QoS::QoS(size_t)[m[K’
[9.466s]   146 |   [01;36m[KQoS[m[K(size_t history_depth);  // NOLINT(runtime/explicit): conversion constructor
[9.466s]       |   [01;36m[K^~~[m[K
[9.466s] [01m[K/opt/ros/iron/include/rclcpp/rclcpp/qos.hpp:146:14:[m[K [01;36m[Knote: [m[K  no known conversion for argument 1 from ‘[01m[Krclcpp::ReliabilityPolicy[m[K’ to ‘[01m[Ksize_t[m[K’ {aka ‘[01m[Klong unsigned int[m[K’}
[9.467s]   146 |   QoS([01;36m[Ksize_t history_depth[m[K);  // NOLINT(runtime/explicit): conversion constructor
[9.467s]       |       [01;36m[K~~~~~~~^~~~~~~~~~~~~[m[K
[9.467s] [01m[K/opt/ros/iron/include/rclcpp/rclcpp/qos.hpp:133:3:[m[K [01;36m[Knote: [m[Kcandidate: ‘[01m[Krclcpp::QoS::QoS(const rclcpp::QoSInitialization&, const rmw_qos_profile_t&)[m[K’
[9.467s]   133 |   [01;36m[KQoS[m[K(
[9.467s]       |   [01;36m[K^~~[m[K
[9.467s] [01m[K/opt/ros/iron/include/rclcpp/rclcpp/qos.hpp:134:31:[m[K [01;36m[Knote: [m[K  no known conversion for argument 1 from ‘[01m[Krclcpp::ReliabilityPolicy[m[K’ to ‘[01m[Kconst rclcpp::QoSInitialization&[m[K’
[9.467s]   134 |     [01;36m[Kconst QoSInitialization & qos_initialization[m[K,
[9.467s]       |     [01;36m[K~~~~~~~~~~~~~~~~~~~~~~~~~~^~~~~~~~~~~~~~~~~~[m[K
[9.467s] [01m[K/opt/ros/iron/include/rclcpp/rclcpp/qos.hpp:115:21:[m[K [01;36m[Knote: [m[Kcandidate: ‘[01m[Kconstexpr rclcpp::QoS::QoS(const rclcpp::QoS&)[m[K’
[9.467s]   115 | class RCLCPP_PUBLIC [01;36m[KQoS[m[K
[9.467s]       |                     [01;36m[K^~~[m[K
[9.467s] [01m[K/opt/ros/iron/include/rclcpp/rclcpp/qos.hpp:115:21:[m[K [01;36m[Knote: [m[K  no known conversion for argument 1 from ‘[01m[Krclcpp::ReliabilityPolicy[m[K’ to ‘[01m[Kconst rclcpp::QoS&[m[K’
[9.467s] [01m[K/opt/ros/iron/include/rclcpp/rclcpp/qos.hpp:115:21:[m[K [01;36m[Knote: [m[Kcandidate: ‘[01m[Kconstexpr rclcpp::QoS::QoS(rclcpp::QoS&&)[m[K’
[9.468s] [01m[K/opt/ros/iron/include/rclcpp/rclcpp/qos.hpp:115:21:[m[K [01;36m[Knote: [m[K  no known conversion for argument 1 from ‘[01m[Krclcpp::ReliabilityPolicy[m[K’ to ‘[01m[Krclcpp::QoS&&[m[K’
[9.605s] [01m[K/home/vectioneer/git/ros2_laser_scan_merger/src/main.cpp:[m[K In member function ‘[01m[Kvoid scanMerger::update_point_cloud_rgb()[m[K’:
[9.605s] [01m[K/home/vectioneer/git/ros2_laser_scan_merger/src/main.cpp:76:57:[m[K [01;35m[Kwarning: [m[Kcomparison of integer expressions of different signedness: ‘[01m[Kint[m[K’ and ‘[01m[Kstd::vector<float>::size_type[m[K’ {aka ‘[01m[Klong unsigned int[m[K’} [[01;35m[K]8;;https://gcc.gnu.org/onlinedocs/gcc/Warning-Options.html#index-Wsign-compare-Wsign-compare]8;;[m[K]
[9.605s]    76 |       for (float i = temp_min_; i <= temp_max_ && [01;35m[Kcount < laser1_->ranges.size()[m[K;
[9.605s]       |                                                   [01;35m[K~~~~~~^~~~~~~~~~~~~~~~~~~~~~~~[m[K
[9.607s] [01m[K/home/vectioneer/git/ros2_laser_scan_merger/src/main.cpp:150:57:[m[K [01;35m[Kwarning: [m[Kcomparison of integer expressions of different signedness: ‘[01m[Kint[m[K’ and ‘[01m[Kstd::vector<float>::size_type[m[K’ {aka ‘[01m[Klong unsigned int[m[K’} [[01;35m[K]8;;https://gcc.gnu.org/onlinedocs/gcc/Warning-Options.html#index-Wsign-compare-Wsign-compare]8;;[m[K]
[9.607s]   150 |       for (float i = temp_min_; i <= temp_max_ && [01;35m[Kcount < laser2_->ranges.size()[m[K;
[9.607s]       |                                                   [01;35m[K~~~~~~^~~~~~~~~~~~~~~~~~~~~~~~[m[K
[11.384s] gmake[2]: *** [CMakeFiles/ros2_laser_scan_merger.dir/build.make:76: CMakeFiles/ros2_laser_scan_merger.dir/src/main.cpp.o] Error 1
[11.384s] gmake[1]: *** [CMakeFiles/Makefile2:137: CMakeFiles/ros2_laser_scan_merger.dir/all] Error 2
[11.384s] gmake: *** [Makefile:146: all] Error 2
[11.389s] Invoked command in '/home/vectioneer/git/ros2_laser_scan_merger/build/ros2_laser_scan_merger' returned '2': CMAKE_PREFIX_PATH=${CMAKE_PREFIX_PATH}:/home/vectioneer/git/MCX-ROS-Linker/install/mcx_ros_linker:/home/vectioneer/ros2_ws/install/mcx_linker:/opt/ros/iron /usr/bin/cmake --build /home/vectioneer/git/ros2_laser_scan_merger/build/ros2_laser_scan_merger -- -j12 -l12
