[0.121s] DEBUG:colcon:Command line arguments: ['/usr/bin/colcon', 'build']
[0.121s] DEBUG:colcon:Parsed command line arguments: Namespace(log_base=None, log_level=None, verb_name='build', build_base='build', install_base='install', merge_install=False, symlink_install=False, test_result_base=None, continue_on_error=False, executor='parallel', parallel_workers=12, event_handlers=None, ignore_user_meta=False, metas=['./colcon.meta'], base_paths=['.'], packages_ignore=None, packages_ignore_regex=None, paths=None, packages_up_to=None, packages_up_to_regex=None, packages_above=None, packages_above_and_dependencies=None, packages_above_depth=None, packages_select_by_dep=None, packages_skip_by_dep=None, packages_skip_up_to=None, packages_select_build_failed=False, packages_skip_build_finished=False, packages_select_test_failures=False, packages_skip_test_passed=False, packages_select=None, packages_skip=None, packages_select_regex=None, packages_skip_regex=None, packages_start=None, packages_end=None, allow_overriding=[], cmake_args=None, cmake_target=None, cmake_target_skip_unavailable=False, cmake_clean_cache=False, cmake_clean_first=False, cmake_force_configure=False, ament_cmake_args=None, catkin_cmake_args=None, catkin_skip_building_tests=False, mixin_files=None, mixin=None, verb_parser=<colcon_mixin.mixin.mixin_argument.MixinArgumentDecorator object at 0x7fa57cd4e8f0>, verb_extension=<colcon_core.verb.build.BuildVerb object at 0x7fa57cd4e200>, main=<bound method BuildVerb.main of <colcon_core.verb.build.BuildVerb object at 0x7fa57cd4e200>>, mixin_verb=('build',))
[0.306s] Level 1:colcon.colcon_core.package_discovery:discover_packages(colcon_meta) check parameters
[0.307s] Level 1:colcon.colcon_core.package_discovery:discover_packages(recursive) check parameters
[0.307s] Level 1:colcon.colcon_core.package_discovery:discover_packages(ignore) check parameters
[0.307s] Level 1:colcon.colcon_core.package_discovery:discover_packages(path) check parameters
[0.307s] Level 1:colcon.colcon_core.package_discovery:discover_packages(colcon_meta) discover
[0.307s] Level 1:colcon.colcon_core.package_discovery:discover_packages(recursive) discover
[0.307s] INFO:colcon.colcon_core.package_discovery:Crawling recursively for packages in '/home/vectioneer/git/ros2_laser_scan_merger'
[0.307s] Level 1:colcon.colcon_core.package_identification:_identify(.) by extensions ['ignore', 'ignore_ament_install']
[0.307s] Level 1:colcon.colcon_core.package_identification:_identify(.) by extension 'ignore'
[0.307s] Level 1:colcon.colcon_core.package_identification:_identify(.) by extension 'ignore_ament_install'
[0.307s] Level 1:colcon.colcon_core.package_identification:_identify(.) by extensions ['colcon_pkg']
[0.308s] Level 1:colcon.colcon_core.package_identification:_identify(.) by extension 'colcon_pkg'
[0.308s] Level 1:colcon.colcon_core.package_identification:_identify(.) by extensions ['colcon_meta']
[0.308s] Level 1:colcon.colcon_core.package_identification:_identify(.) by extension 'colcon_meta'
[0.308s] Level 1:colcon.colcon_core.package_identification:_identify(.) by extensions ['ros']
[0.308s] Level 1:colcon.colcon_core.package_identification:_identify(.) by extension 'ros'
[0.326s] DEBUG:colcon.colcon_core.package_identification:Package '.' with type 'ros.ament_cmake' and name 'ros2_laser_scan_merger'
[0.326s] Level 1:colcon.colcon_core.package_discovery:discover_packages(recursive) using defaults
[0.326s] Level 1:colcon.colcon_core.package_discovery:discover_packages(ignore) discover
[0.326s] Level 1:colcon.colcon_core.package_discovery:discover_packages(ignore) using defaults
[0.326s] Level 1:colcon.colcon_core.package_discovery:discover_packages(path) discover
[0.326s] Level 1:colcon.colcon_core.package_discovery:discover_packages(path) using defaults
[0.374s] Level 1:colcon.colcon_core.package_discovery:discover_packages(prefix_path) check parameters
[0.374s] Level 1:colcon.colcon_core.package_discovery:discover_packages(prefix_path) discover
[0.377s] DEBUG:colcon.colcon_installed_package_information.package_discovery:Found 1 installed packages in /home/vectioneer/git/pointcloud_to_laserscan/install
[0.377s] DEBUG:colcon.colcon_installed_package_information.package_discovery:Found 1 installed packages in /home/vectioneer/git/ros2_laser_scan_merger/install
[0.378s] DEBUG:colcon.colcon_installed_package_information.package_discovery:Found 1 installed packages in /home/vectioneer/git/MCX-ROS-Linker/install
[0.378s] DEBUG:colcon.colcon_installed_package_information.package_discovery:Found 1 installed packages in /home/vectioneer/ros2_ws/install
[0.379s] DEBUG:colcon.colcon_installed_package_information.package_discovery:Found 340 installed packages in /opt/ros/iron
[0.382s] Level 1:colcon.colcon_core.package_discovery:discover_packages(prefix_path) using defaults
[0.456s] Level 5:colcon.colcon_core.verb:set package 'ros2_laser_scan_merger' build argument 'cmake_args' from command line to 'None'
[0.456s] Level 5:colcon.colcon_core.verb:set package 'ros2_laser_scan_merger' build argument 'cmake_target' from command line to 'None'
[0.456s] Level 5:colcon.colcon_core.verb:set package 'ros2_laser_scan_merger' build argument 'cmake_target_skip_unavailable' from command line to 'False'
[0.456s] Level 5:colcon.colcon_core.verb:set package 'ros2_laser_scan_merger' build argument 'cmake_clean_cache' from command line to 'False'
[0.456s] Level 5:colcon.colcon_core.verb:set package 'ros2_laser_scan_merger' build argument 'cmake_clean_first' from command line to 'False'
[0.456s] Level 5:colcon.colcon_core.verb:set package 'ros2_laser_scan_merger' build argument 'cmake_force_configure' from command line to 'False'
[0.456s] Level 5:colcon.colcon_core.verb:set package 'ros2_laser_scan_merger' build argument 'ament_cmake_args' from command line to 'None'
[0.456s] Level 5:colcon.colcon_core.verb:set package 'ros2_laser_scan_merger' build argument 'catkin_cmake_args' from command line to 'None'
[0.456s] Level 5:colcon.colcon_core.verb:set package 'ros2_laser_scan_merger' build argument 'catkin_skip_building_tests' from command line to 'False'
[0.456s] DEBUG:colcon.colcon_core.verb:Building package 'ros2_laser_scan_merger' with the following arguments: {'ament_cmake_args': None, 'build_base': '/home/vectioneer/git/ros2_laser_scan_merger/build/ros2_laser_scan_merger', 'catkin_cmake_args': None, 'catkin_skip_building_tests': False, 'cmake_args': None, 'cmake_clean_cache': False, 'cmake_clean_first': False, 'cmake_force_configure': False, 'cmake_target': None, 'cmake_target_skip_unavailable': False, 'install_base': '/home/vectioneer/git/ros2_laser_scan_merger/install/ros2_laser_scan_merger', 'merge_install': False, 'path': '/home/vectioneer/git/ros2_laser_scan_merger', 'symlink_install': False, 'test_result_base': None}
[0.456s] INFO:colcon.colcon_core.executor:Executing jobs using 'parallel' executor
[0.458s] DEBUG:colcon.colcon_parallel_executor.executor.parallel:run_until_complete
[0.459s] INFO:colcon.colcon_ros.task.ament_cmake.build:Building ROS package in '/home/vectioneer/git/ros2_laser_scan_merger' with build type 'ament_cmake'
[0.459s] INFO:colcon.colcon_cmake.task.cmake.build:Building CMake package in '/home/vectioneer/git/ros2_laser_scan_merger'
[0.462s] INFO:colcon.colcon_core.plugin_system:Skipping extension 'colcon_core.shell.bat': Not used on non-Windows systems
[0.463s] INFO:colcon.colcon_core.shell:Skip shell extension 'powershell' for command environment: Not usable outside of PowerShell
[0.463s] DEBUG:colcon.colcon_core.shell:Skip shell extension 'dsv' for command environment
[0.480s] DEBUG:colcon.colcon_core.event_handler.log_command:Invoking command in '/home/vectioneer/git/ros2_laser_scan_merger/build/ros2_laser_scan_merger': CMAKE_PREFIX_PATH=${CMAKE_PREFIX_PATH}:/home/vectioneer/git/MCX-ROS-Linker/install/mcx_ros_linker:/home/vectioneer/ros2_ws/install/mcx_linker:/opt/ros/iron /usr/bin/cmake --build /home/vectioneer/git/ros2_laser_scan_merger/build/ros2_laser_scan_merger -- -j12 -l12
[0.592s] DEBUG:colcon.colcon_core.event_handler.log_command:Invoked command in '/home/vectioneer/git/ros2_laser_scan_merger/build/ros2_laser_scan_merger' returned '0': CMAKE_PREFIX_PATH=${CMAKE_PREFIX_PATH}:/home/vectioneer/git/MCX-ROS-Linker/install/mcx_ros_linker:/home/vectioneer/ros2_ws/install/mcx_linker:/opt/ros/iron /usr/bin/cmake --build /home/vectioneer/git/ros2_laser_scan_merger/build/ros2_laser_scan_merger -- -j12 -l12
[0.643s] DEBUG:colcon.colcon_core.event_handler.log_command:Invoking command in '/home/vectioneer/git/ros2_laser_scan_merger/build/ros2_laser_scan_merger': CMAKE_PREFIX_PATH=${CMAKE_PREFIX_PATH}:/home/vectioneer/git/MCX-ROS-Linker/install/mcx_ros_linker:/home/vectioneer/ros2_ws/install/mcx_linker:/opt/ros/iron /usr/bin/cmake --install /home/vectioneer/git/ros2_laser_scan_merger/build/ros2_laser_scan_merger
[0.659s] Level 1:colcon.colcon_core.environment:create_environment_scripts_only(ros2_laser_scan_merger)
[0.660s] DEBUG:colcon.colcon_core.event_handler.log_command:Invoked command in '/home/vectioneer/git/ros2_laser_scan_merger/build/ros2_laser_scan_merger' returned '0': CMAKE_PREFIX_PATH=${CMAKE_PREFIX_PATH}:/home/vectioneer/git/MCX-ROS-Linker/install/mcx_ros_linker:/home/vectioneer/ros2_ws/install/mcx_linker:/opt/ros/iron /usr/bin/cmake --install /home/vectioneer/git/ros2_laser_scan_merger/build/ros2_laser_scan_merger
[0.663s] Level 1:colcon.colcon_core.environment:checking '/home/vectioneer/git/ros2_laser_scan_merger/install/ros2_laser_scan_merger' for CMake module files
[0.663s] Level 1:colcon.colcon_core.environment:checking '/home/vectioneer/git/ros2_laser_scan_merger/install/ros2_laser_scan_merger' for CMake config files
[0.664s] Level 1:colcon.colcon_core.shell:create_environment_hook('ros2_laser_scan_merger', 'cmake_prefix_path')
[0.664s] INFO:colcon.colcon_core.shell:Creating environment hook '/home/vectioneer/git/ros2_laser_scan_merger/install/ros2_laser_scan_merger/share/ros2_laser_scan_merger/hook/cmake_prefix_path.ps1'
[0.665s] INFO:colcon.colcon_core.shell:Creating environment descriptor '/home/vectioneer/git/ros2_laser_scan_merger/install/ros2_laser_scan_merger/share/ros2_laser_scan_merger/hook/cmake_prefix_path.dsv'
[0.666s] INFO:colcon.colcon_core.shell:Creating environment hook '/home/vectioneer/git/ros2_laser_scan_merger/install/ros2_laser_scan_merger/share/ros2_laser_scan_merger/hook/cmake_prefix_path.sh'
[0.667s] Level 1:colcon.colcon_core.environment:checking '/home/vectioneer/git/ros2_laser_scan_merger/install/ros2_laser_scan_merger/lib'
[0.668s] Level 1:colcon.colcon_core.environment:checking '/home/vectioneer/git/ros2_laser_scan_merger/install/ros2_laser_scan_merger/bin'
[0.668s] Level 1:colcon.colcon_core.environment:checking '/home/vectioneer/git/ros2_laser_scan_merger/install/ros2_laser_scan_merger/lib/pkgconfig/ros2_laser_scan_merger.pc'
[0.668s] Level 1:colcon.colcon_core.environment:checking '/home/vectioneer/git/ros2_laser_scan_merger/install/ros2_laser_scan_merger/lib/python3.10/site-packages'
[0.669s] Level 1:colcon.colcon_core.environment:checking '/home/vectioneer/git/ros2_laser_scan_merger/install/ros2_laser_scan_merger/bin'
[0.670s] INFO:colcon.colcon_core.shell:Creating package script '/home/vectioneer/git/ros2_laser_scan_merger/install/ros2_laser_scan_merger/share/ros2_laser_scan_merger/package.ps1'
[0.671s] INFO:colcon.colcon_core.shell:Creating package descriptor '/home/vectioneer/git/ros2_laser_scan_merger/install/ros2_laser_scan_merger/share/ros2_laser_scan_merger/package.dsv'
[0.672s] INFO:colcon.colcon_core.shell:Creating package script '/home/vectioneer/git/ros2_laser_scan_merger/install/ros2_laser_scan_merger/share/ros2_laser_scan_merger/package.sh'
[0.673s] INFO:colcon.colcon_core.shell:Creating package script '/home/vectioneer/git/ros2_laser_scan_merger/install/ros2_laser_scan_merger/share/ros2_laser_scan_merger/package.bash'
[0.673s] INFO:colcon.colcon_core.shell:Creating package script '/home/vectioneer/git/ros2_laser_scan_merger/install/ros2_laser_scan_merger/share/ros2_laser_scan_merger/package.zsh'
[0.675s] Level 1:colcon.colcon_core.environment:create_file_with_runtime_dependencies(/home/vectioneer/git/ros2_laser_scan_merger/install/ros2_laser_scan_merger/share/colcon-core/packages/ros2_laser_scan_merger)
[0.717s] Level 1:colcon.colcon_core.environment:create_environment_scripts_only(ros2_laser_scan_merger)
[0.718s] Level 1:colcon.colcon_core.environment:checking '/home/vectioneer/git/ros2_laser_scan_merger/install/ros2_laser_scan_merger' for CMake module files
[0.719s] Level 1:colcon.colcon_core.environment:checking '/home/vectioneer/git/ros2_laser_scan_merger/install/ros2_laser_scan_merger' for CMake config files
[0.719s] Level 1:colcon.colcon_core.shell:create_environment_hook('ros2_laser_scan_merger', 'cmake_prefix_path')
[0.720s] INFO:colcon.colcon_core.shell:Creating environment hook '/home/vectioneer/git/ros2_laser_scan_merger/install/ros2_laser_scan_merger/share/ros2_laser_scan_merger/hook/cmake_prefix_path.ps1'
[0.720s] INFO:colcon.colcon_core.shell:Creating environment descriptor '/home/vectioneer/git/ros2_laser_scan_merger/install/ros2_laser_scan_merger/share/ros2_laser_scan_merger/hook/cmake_prefix_path.dsv'
[0.721s] INFO:colcon.colcon_core.shell:Creating environment hook '/home/vectioneer/git/ros2_laser_scan_merger/install/ros2_laser_scan_merger/share/ros2_laser_scan_merger/hook/cmake_prefix_path.sh'
[0.722s] Level 1:colcon.colcon_core.environment:checking '/home/vectioneer/git/ros2_laser_scan_merger/install/ros2_laser_scan_merger/lib'
[0.722s] Level 1:colcon.colcon_core.environment:checking '/home/vectioneer/git/ros2_laser_scan_merger/install/ros2_laser_scan_merger/bin'
[0.722s] Level 1:colcon.colcon_core.environment:checking '/home/vectioneer/git/ros2_laser_scan_merger/install/ros2_laser_scan_merger/lib/pkgconfig/ros2_laser_scan_merger.pc'
[0.723s] Level 1:colcon.colcon_core.environment:checking '/home/vectioneer/git/ros2_laser_scan_merger/install/ros2_laser_scan_merger/lib/python3.10/site-packages'
[0.723s] Level 1:colcon.colcon_core.environment:checking '/home/vectioneer/git/ros2_laser_scan_merger/install/ros2_laser_scan_merger/bin'
[0.723s] INFO:colcon.colcon_core.shell:Creating package script '/home/vectioneer/git/ros2_laser_scan_merger/install/ros2_laser_scan_merger/share/ros2_laser_scan_merger/package.ps1'
[0.724s] INFO:colcon.colcon_core.shell:Creating package descriptor '/home/vectioneer/git/ros2_laser_scan_merger/install/ros2_laser_scan_merger/share/ros2_laser_scan_merger/package.dsv'
[0.725s] INFO:colcon.colcon_core.shell:Creating package script '/home/vectioneer/git/ros2_laser_scan_merger/install/ros2_laser_scan_merger/share/ros2_laser_scan_merger/package.sh'
[0.726s] INFO:colcon.colcon_core.shell:Creating package script '/home/vectioneer/git/ros2_laser_scan_merger/install/ros2_laser_scan_merger/share/ros2_laser_scan_merger/package.bash'
[0.726s] INFO:colcon.colcon_core.shell:Creating package script '/home/vectioneer/git/ros2_laser_scan_merger/install/ros2_laser_scan_merger/share/ros2_laser_scan_merger/package.zsh'
[0.727s] Level 1:colcon.colcon_core.environment:create_file_with_runtime_dependencies(/home/vectioneer/git/ros2_laser_scan_merger/install/ros2_laser_scan_merger/share/colcon-core/packages/ros2_laser_scan_merger)
[0.727s] DEBUG:colcon.colcon_parallel_executor.executor.parallel:closing loop
[0.728s] DEBUG:colcon.colcon_parallel_executor.executor.parallel:loop closed
[0.728s] DEBUG:colcon.colcon_parallel_executor.executor.parallel:run_until_complete finished with '0'
[0.728s] DEBUG:colcon.colcon_core.event_reactor:joining thread
[0.736s] INFO:colcon.colcon_core.plugin_system:Skipping extension 'colcon_notification.desktop_notification.terminal_notifier': Not used on non-Darwin systems
[0.737s] INFO:colcon.colcon_core.plugin_system:Skipping extension 'colcon_notification.desktop_notification.win32': Not used on non-Windows systems
[0.737s] INFO:colcon.colcon_notification.desktop_notification:Sending desktop notification using 'notify2'
[0.760s] DEBUG:colcon.colcon_core.event_reactor:joined thread
[0.761s] INFO:colcon.colcon_core.shell:Creating prefix script '/home/vectioneer/git/ros2_laser_scan_merger/install/local_setup.ps1'
[0.762s] INFO:colcon.colcon_core.shell:Creating prefix util module '/home/vectioneer/git/ros2_laser_scan_merger/install/_local_setup_util_ps1.py'
[0.764s] INFO:colcon.colcon_core.shell:Creating prefix chain script '/home/vectioneer/git/ros2_laser_scan_merger/install/setup.ps1'
[0.766s] INFO:colcon.colcon_core.shell:Creating prefix script '/home/vectioneer/git/ros2_laser_scan_merger/install/local_setup.sh'
[0.767s] INFO:colcon.colcon_core.shell:Creating prefix util module '/home/vectioneer/git/ros2_laser_scan_merger/install/_local_setup_util_sh.py'
[0.768s] INFO:colcon.colcon_core.shell:Creating prefix chain script '/home/vectioneer/git/ros2_laser_scan_merger/install/setup.sh'
[0.771s] INFO:colcon.colcon_core.shell:Creating prefix script '/home/vectioneer/git/ros2_laser_scan_merger/install/local_setup.bash'
[0.772s] INFO:colcon.colcon_core.shell:Creating prefix chain script '/home/vectioneer/git/ros2_laser_scan_merger/install/setup.bash'
[0.775s] INFO:colcon.colcon_core.shell:Creating prefix script '/home/vectioneer/git/ros2_laser_scan_merger/install/local_setup.zsh'
[0.776s] INFO:colcon.colcon_core.shell:Creating prefix chain script '/home/vectioneer/git/ros2_laser_scan_merger/install/setup.zsh'
