[0.219s] DEBUG:colcon:Command line arguments: ['/usr/bin/colcon', 'build']
[0.220s] DEBUG:colcon:Parsed command line arguments: Namespace(log_base=None, log_level=None, verb_name='build', build_base='build', install_base='install', merge_install=False, symlink_install=False, test_result_base=None, continue_on_error=False, executor='parallel', parallel_workers=12, event_handlers=None, ignore_user_meta=False, metas=['./colcon.meta'], base_paths=['.'], packages_ignore=None, packages_ignore_regex=None, paths=None, packages_up_to=None, packages_up_to_regex=None, packages_above=None, packages_above_and_dependencies=None, packages_above_depth=None, packages_select_by_dep=None, packages_skip_by_dep=None, packages_skip_up_to=None, packages_select_build_failed=False, packages_skip_build_finished=False, packages_select_test_failures=False, packages_skip_test_passed=False, packages_select=None, packages_skip=None, packages_select_regex=None, packages_skip_regex=None, packages_start=None, packages_end=None, allow_overriding=[], cmake_args=None, cmake_target=None, cmake_target_skip_unavailable=False, cmake_clean_cache=False, cmake_clean_first=False, cmake_force_configure=False, ament_cmake_args=None, catkin_cmake_args=None, catkin_skip_building_tests=False, mixin_files=None, mixin=None, verb_parser=<colcon_mixin.mixin.mixin_argument.MixinArgumentDecorator object at 0x7fda6cd4e8f0>, verb_extension=<colcon_core.verb.build.BuildVerb object at 0x7fda6cd4e200>, main=<bound method BuildVerb.main of <colcon_core.verb.build.BuildVerb object at 0x7fda6cd4e200>>, mixin_verb=('build',))
[0.521s] Level 1:colcon.colcon_core.package_discovery:discover_packages(colcon_meta) check parameters
[0.521s] Level 1:colcon.colcon_core.package_discovery:discover_packages(recursive) check parameters
[0.521s] Level 1:colcon.colcon_core.package_discovery:discover_packages(ignore) check parameters
[0.521s] Level 1:colcon.colcon_core.package_discovery:discover_packages(path) check parameters
[0.521s] Level 1:colcon.colcon_core.package_discovery:discover_packages(colcon_meta) discover
[0.521s] Level 1:colcon.colcon_core.package_discovery:discover_packages(recursive) discover
[0.522s] INFO:colcon.colcon_core.package_discovery:Crawling recursively for packages in '/home/vectioneer/git/ros2_laser_scan_merger'
[0.522s] Level 1:colcon.colcon_core.package_identification:_identify(.) by extensions ['ignore', 'ignore_ament_install']
[0.522s] Level 1:colcon.colcon_core.package_identification:_identify(.) by extension 'ignore'
[0.522s] Level 1:colcon.colcon_core.package_identification:_identify(.) by extension 'ignore_ament_install'
[0.522s] Level 1:colcon.colcon_core.package_identification:_identify(.) by extensions ['colcon_pkg']
[0.522s] Level 1:colcon.colcon_core.package_identification:_identify(.) by extension 'colcon_pkg'
[0.522s] Level 1:colcon.colcon_core.package_identification:_identify(.) by extensions ['colcon_meta']
[0.522s] Level 1:colcon.colcon_core.package_identification:_identify(.) by extension 'colcon_meta'
[0.522s] Level 1:colcon.colcon_core.package_identification:_identify(.) by extensions ['ros']
[0.522s] Level 1:colcon.colcon_core.package_identification:_identify(.) by extension 'ros'
[0.549s] DEBUG:colcon.colcon_core.package_identification:Package '.' with type 'ros.ament_cmake' and name 'ros2_laser_scan_merger'
[0.549s] Level 1:colcon.colcon_core.package_discovery:discover_packages(recursive) using defaults
[0.549s] Level 1:colcon.colcon_core.package_discovery:discover_packages(ignore) discover
[0.549s] Level 1:colcon.colcon_core.package_discovery:discover_packages(ignore) using defaults
[0.549s] Level 1:colcon.colcon_core.package_discovery:discover_packages(path) discover
[0.549s] Level 1:colcon.colcon_core.package_discovery:discover_packages(path) using defaults
[0.611s] Level 1:colcon.colcon_core.package_discovery:discover_packages(prefix_path) check parameters
[0.611s] Level 1:colcon.colcon_core.package_discovery:discover_packages(prefix_path) discover
[0.614s] DEBUG:colcon.colcon_installed_package_information.package_discovery:Found 1 installed packages in /home/vectioneer/git/pointcloud_to_laserscan/install
[0.615s] DEBUG:colcon.colcon_installed_package_information.package_discovery:Found 1 installed packages in /home/vectioneer/git/ros2_laser_scan_merger/install
[0.615s] DEBUG:colcon.colcon_installed_package_information.package_discovery:Found 1 installed packages in /home/vectioneer/git/MCX-ROS-Linker/install
[0.616s] DEBUG:colcon.colcon_installed_package_information.package_discovery:Found 1 installed packages in /home/vectioneer/ros2_ws/install
[0.618s] DEBUG:colcon.colcon_installed_package_information.package_discovery:Found 340 installed packages in /opt/ros/iron
[0.622s] Level 1:colcon.colcon_core.package_discovery:discover_packages(prefix_path) using defaults
[0.715s] Level 5:colcon.colcon_core.verb:set package 'ros2_laser_scan_merger' build argument 'cmake_args' from command line to 'None'
[0.715s] Level 5:colcon.colcon_core.verb:set package 'ros2_laser_scan_merger' build argument 'cmake_target' from command line to 'None'
[0.715s] Level 5:colcon.colcon_core.verb:set package 'ros2_laser_scan_merger' build argument 'cmake_target_skip_unavailable' from command line to 'False'
[0.716s] Level 5:colcon.colcon_core.verb:set package 'ros2_laser_scan_merger' build argument 'cmake_clean_cache' from command line to 'False'
[0.716s] Level 5:colcon.colcon_core.verb:set package 'ros2_laser_scan_merger' build argument 'cmake_clean_first' from command line to 'False'
[0.716s] Level 5:colcon.colcon_core.verb:set package 'ros2_laser_scan_merger' build argument 'cmake_force_configure' from command line to 'False'
[0.716s] Level 5:colcon.colcon_core.verb:set package 'ros2_laser_scan_merger' build argument 'ament_cmake_args' from command line to 'None'
[0.716s] Level 5:colcon.colcon_core.verb:set package 'ros2_laser_scan_merger' build argument 'catkin_cmake_args' from command line to 'None'
[0.716s] Level 5:colcon.colcon_core.verb:set package 'ros2_laser_scan_merger' build argument 'catkin_skip_building_tests' from command line to 'False'
[0.716s] DEBUG:colcon.colcon_core.verb:Building package 'ros2_laser_scan_merger' with the following arguments: {'ament_cmake_args': None, 'build_base': '/home/vectioneer/git/ros2_laser_scan_merger/build/ros2_laser_scan_merger', 'catkin_cmake_args': None, 'catkin_skip_building_tests': False, 'cmake_args': None, 'cmake_clean_cache': False, 'cmake_clean_first': False, 'cmake_force_configure': False, 'cmake_target': None, 'cmake_target_skip_unavailable': False, 'install_base': '/home/vectioneer/git/ros2_laser_scan_merger/install/ros2_laser_scan_merger', 'merge_install': False, 'path': '/home/vectioneer/git/ros2_laser_scan_merger', 'symlink_install': False, 'test_result_base': None}
[0.716s] INFO:colcon.colcon_core.executor:Executing jobs using 'parallel' executor
[0.719s] DEBUG:colcon.colcon_parallel_executor.executor.parallel:run_until_complete
[0.720s] INFO:colcon.colcon_ros.task.ament_cmake.build:Building ROS package in '/home/vectioneer/git/ros2_laser_scan_merger' with build type 'ament_cmake'
[0.721s] INFO:colcon.colcon_cmake.task.cmake.build:Building CMake package in '/home/vectioneer/git/ros2_laser_scan_merger'
[0.725s] INFO:colcon.colcon_core.plugin_system:Skipping extension 'colcon_core.shell.bat': Not used on non-Windows systems
[0.725s] INFO:colcon.colcon_core.shell:Skip shell extension 'powershell' for command environment: Not usable outside of PowerShell
[0.725s] DEBUG:colcon.colcon_core.shell:Skip shell extension 'dsv' for command environment
[0.751s] DEBUG:colcon.colcon_core.event_handler.log_command:Invoking command in '/home/vectioneer/git/ros2_laser_scan_merger/build/ros2_laser_scan_merger': CMAKE_PREFIX_PATH=${CMAKE_PREFIX_PATH}:/home/vectioneer/git/MCX-ROS-Linker/install/mcx_ros_linker:/home/vectioneer/ros2_ws/install/mcx_linker:/opt/ros/iron /usr/bin/cmake --build /home/vectioneer/git/ros2_laser_scan_merger/build/ros2_laser_scan_merger -- -j12 -l12
[22.643s] DEBUG:colcon.colcon_core.event_handler.log_command:Invoked command in '/home/vectioneer/git/ros2_laser_scan_merger/build/ros2_laser_scan_merger' returned '0': CMAKE_PREFIX_PATH=${CMAKE_PREFIX_PATH}:/home/vectioneer/git/MCX-ROS-Linker/install/mcx_ros_linker:/home/vectioneer/ros2_ws/install/mcx_linker:/opt/ros/iron /usr/bin/cmake --build /home/vectioneer/git/ros2_laser_scan_merger/build/ros2_laser_scan_merger -- -j12 -l12
[22.698s] DEBUG:colcon.colcon_core.event_handler.log_command:Invoking command in '/home/vectioneer/git/ros2_laser_scan_merger/build/ros2_laser_scan_merger': CMAKE_PREFIX_PATH=${CMAKE_PREFIX_PATH}:/home/vectioneer/git/MCX-ROS-Linker/install/mcx_ros_linker:/home/vectioneer/ros2_ws/install/mcx_linker:/opt/ros/iron /usr/bin/cmake --install /home/vectioneer/git/ros2_laser_scan_merger/build/ros2_laser_scan_merger
[22.719s] Level 1:colcon.colcon_core.environment:create_environment_scripts_only(ros2_laser_scan_merger)
[22.719s] DEBUG:colcon.colcon_core.event_handler.log_command:Invoked command in '/home/vectioneer/git/ros2_laser_scan_merger/build/ros2_laser_scan_merger' returned '0': CMAKE_PREFIX_PATH=${CMAKE_PREFIX_PATH}:/home/vectioneer/git/MCX-ROS-Linker/install/mcx_ros_linker:/home/vectioneer/ros2_ws/install/mcx_linker:/opt/ros/iron /usr/bin/cmake --install /home/vectioneer/git/ros2_laser_scan_merger/build/ros2_laser_scan_merger
[22.724s] Level 1:colcon.colcon_core.environment:checking '/home/vectioneer/git/ros2_laser_scan_merger/install/ros2_laser_scan_merger' for CMake module files
[22.725s] Level 1:colcon.colcon_core.environment:checking '/home/vectioneer/git/ros2_laser_scan_merger/install/ros2_laser_scan_merger' for CMake config files
[22.725s] Level 1:colcon.colcon_core.shell:create_environment_hook('ros2_laser_scan_merger', 'cmake_prefix_path')
[22.726s] INFO:colcon.colcon_core.shell:Creating environment hook '/home/vectioneer/git/ros2_laser_scan_merger/install/ros2_laser_scan_merger/share/ros2_laser_scan_merger/hook/cmake_prefix_path.ps1'
[22.729s] INFO:colcon.colcon_core.shell:Creating environment descriptor '/home/vectioneer/git/ros2_laser_scan_merger/install/ros2_laser_scan_merger/share/ros2_laser_scan_merger/hook/cmake_prefix_path.dsv'
[22.730s] INFO:colcon.colcon_core.shell:Creating environment hook '/home/vectioneer/git/ros2_laser_scan_merger/install/ros2_laser_scan_merger/share/ros2_laser_scan_merger/hook/cmake_prefix_path.sh'
[22.732s] Level 1:colcon.colcon_core.environment:checking '/home/vectioneer/git/ros2_laser_scan_merger/install/ros2_laser_scan_merger/lib'
[22.733s] Level 1:colcon.colcon_core.environment:checking '/home/vectioneer/git/ros2_laser_scan_merger/install/ros2_laser_scan_merger/bin'
[22.733s] Level 1:colcon.colcon_core.environment:checking '/home/vectioneer/git/ros2_laser_scan_merger/install/ros2_laser_scan_merger/lib/pkgconfig/ros2_laser_scan_merger.pc'
[22.733s] Level 1:colcon.colcon_core.environment:checking '/home/vectioneer/git/ros2_laser_scan_merger/install/ros2_laser_scan_merger/lib/python3.10/site-packages'
[22.733s] Level 1:colcon.colcon_core.environment:checking '/home/vectioneer/git/ros2_laser_scan_merger/install/ros2_laser_scan_merger/bin'
[22.734s] INFO:colcon.colcon_core.shell:Creating package script '/home/vectioneer/git/ros2_laser_scan_merger/install/ros2_laser_scan_merger/share/ros2_laser_scan_merger/package.ps1'
[22.736s] INFO:colcon.colcon_core.shell:Creating package descriptor '/home/vectioneer/git/ros2_laser_scan_merger/install/ros2_laser_scan_merger/share/ros2_laser_scan_merger/package.dsv'
[22.737s] INFO:colcon.colcon_core.shell:Creating package script '/home/vectioneer/git/ros2_laser_scan_merger/install/ros2_laser_scan_merger/share/ros2_laser_scan_merger/package.sh'
[22.738s] INFO:colcon.colcon_core.shell:Creating package script '/home/vectioneer/git/ros2_laser_scan_merger/install/ros2_laser_scan_merger/share/ros2_laser_scan_merger/package.bash'
[22.739s] INFO:colcon.colcon_core.shell:Creating package script '/home/vectioneer/git/ros2_laser_scan_merger/install/ros2_laser_scan_merger/share/ros2_laser_scan_merger/package.zsh'
[22.740s] Level 1:colcon.colcon_core.environment:create_file_with_runtime_dependencies(/home/vectioneer/git/ros2_laser_scan_merger/install/ros2_laser_scan_merger/share/colcon-core/packages/ros2_laser_scan_merger)
[22.779s] Level 1:colcon.colcon_core.environment:create_environment_scripts_only(ros2_laser_scan_merger)
[22.779s] Level 1:colcon.colcon_core.environment:checking '/home/vectioneer/git/ros2_laser_scan_merger/install/ros2_laser_scan_merger' for CMake module files
[22.780s] Level 1:colcon.colcon_core.environment:checking '/home/vectioneer/git/ros2_laser_scan_merger/install/ros2_laser_scan_merger' for CMake config files
[22.780s] Level 1:colcon.colcon_core.shell:create_environment_hook('ros2_laser_scan_merger', 'cmake_prefix_path')
[22.781s] INFO:colcon.colcon_core.shell:Creating environment hook '/home/vectioneer/git/ros2_laser_scan_merger/install/ros2_laser_scan_merger/share/ros2_laser_scan_merger/hook/cmake_prefix_path.ps1'
[22.782s] INFO:colcon.colcon_core.shell:Creating environment descriptor '/home/vectioneer/git/ros2_laser_scan_merger/install/ros2_laser_scan_merger/share/ros2_laser_scan_merger/hook/cmake_prefix_path.dsv'
[22.783s] INFO:colcon.colcon_core.shell:Creating environment hook '/home/vectioneer/git/ros2_laser_scan_merger/install/ros2_laser_scan_merger/share/ros2_laser_scan_merger/hook/cmake_prefix_path.sh'
[22.784s] Level 1:colcon.colcon_core.environment:checking '/home/vectioneer/git/ros2_laser_scan_merger/install/ros2_laser_scan_merger/lib'
[22.785s] Level 1:colcon.colcon_core.environment:checking '/home/vectioneer/git/ros2_laser_scan_merger/install/ros2_laser_scan_merger/bin'
[22.785s] Level 1:colcon.colcon_core.environment:checking '/home/vectioneer/git/ros2_laser_scan_merger/install/ros2_laser_scan_merger/lib/pkgconfig/ros2_laser_scan_merger.pc'
[22.785s] Level 1:colcon.colcon_core.environment:checking '/home/vectioneer/git/ros2_laser_scan_merger/install/ros2_laser_scan_merger/lib/python3.10/site-packages'
[22.785s] Level 1:colcon.colcon_core.environment:checking '/home/vectioneer/git/ros2_laser_scan_merger/install/ros2_laser_scan_merger/bin'
[22.786s] INFO:colcon.colcon_core.shell:Creating package script '/home/vectioneer/git/ros2_laser_scan_merger/install/ros2_laser_scan_merger/share/ros2_laser_scan_merger/package.ps1'
[22.787s] INFO:colcon.colcon_core.shell:Creating package descriptor '/home/vectioneer/git/ros2_laser_scan_merger/install/ros2_laser_scan_merger/share/ros2_laser_scan_merger/package.dsv'
[22.788s] INFO:colcon.colcon_core.shell:Creating package script '/home/vectioneer/git/ros2_laser_scan_merger/install/ros2_laser_scan_merger/share/ros2_laser_scan_merger/package.sh'
[22.788s] INFO:colcon.colcon_core.shell:Creating package script '/home/vectioneer/git/ros2_laser_scan_merger/install/ros2_laser_scan_merger/share/ros2_laser_scan_merger/package.bash'
[22.788s] INFO:colcon.colcon_core.shell:Creating package script '/home/vectioneer/git/ros2_laser_scan_merger/install/ros2_laser_scan_merger/share/ros2_laser_scan_merger/package.zsh'
[22.789s] Level 1:colcon.colcon_core.environment:create_file_with_runtime_dependencies(/home/vectioneer/git/ros2_laser_scan_merger/install/ros2_laser_scan_merger/share/colcon-core/packages/ros2_laser_scan_merger)
[22.789s] DEBUG:colcon.colcon_parallel_executor.executor.parallel:closing loop
[22.790s] DEBUG:colcon.colcon_parallel_executor.executor.parallel:loop closed
[22.790s] DEBUG:colcon.colcon_parallel_executor.executor.parallel:run_until_complete finished with '0'
[22.791s] DEBUG:colcon.colcon_core.event_reactor:joining thread
[22.799s] INFO:colcon.colcon_core.plugin_system:Skipping extension 'colcon_notification.desktop_notification.terminal_notifier': Not used on non-Darwin systems
[22.799s] INFO:colcon.colcon_core.plugin_system:Skipping extension 'colcon_notification.desktop_notification.win32': Not used on non-Windows systems
[22.799s] INFO:colcon.colcon_notification.desktop_notification:Sending desktop notification using 'notify2'
[22.826s] DEBUG:colcon.colcon_core.event_reactor:joined thread
[22.827s] INFO:colcon.colcon_core.shell:Creating prefix script '/home/vectioneer/git/ros2_laser_scan_merger/install/local_setup.ps1'
[22.830s] INFO:colcon.colcon_core.shell:Creating prefix util module '/home/vectioneer/git/ros2_laser_scan_merger/install/_local_setup_util_ps1.py'
[22.833s] INFO:colcon.colcon_core.shell:Creating prefix chain script '/home/vectioneer/git/ros2_laser_scan_merger/install/setup.ps1'
[22.835s] INFO:colcon.colcon_core.shell:Creating prefix script '/home/vectioneer/git/ros2_laser_scan_merger/install/local_setup.sh'
[22.836s] INFO:colcon.colcon_core.shell:Creating prefix util module '/home/vectioneer/git/ros2_laser_scan_merger/install/_local_setup_util_sh.py'
[22.836s] INFO:colcon.colcon_core.shell:Creating prefix chain script '/home/vectioneer/git/ros2_laser_scan_merger/install/setup.sh'
[22.838s] INFO:colcon.colcon_core.shell:Creating prefix script '/home/vectioneer/git/ros2_laser_scan_merger/install/local_setup.bash'
[22.839s] INFO:colcon.colcon_core.shell:Creating prefix chain script '/home/vectioneer/git/ros2_laser_scan_merger/install/setup.bash'
[22.840s] INFO:colcon.colcon_core.shell:Creating prefix script '/home/vectioneer/git/ros2_laser_scan_merger/install/local_setup.zsh'
[22.841s] INFO:colcon.colcon_core.shell:Creating prefix chain script '/home/vectioneer/git/ros2_laser_scan_merger/install/setup.zsh'
