[35m[1mConsolidate compiler generated dependencies of target ros2_laser_scan_merger[0m
[ 50%] [32mBuilding CXX object CMakeFiles/ros2_laser_scan_merger.dir/src/main.cpp.o[0m
[01m[K/home/vectioneer/git/ros2_laser_scan_merger/src/main.cpp:[m[K In constructor ‘[01m[KscanMerger::scanMerger()[m[K’:
[01m[K/home/vectioneer/git/ros2_laser_scan_merger/src/main.cpp:33:44:[m[K [01;31m[Kerror: [m[K‘[01m[KReliable[m[K’ is not a member of ‘[01m[Krclcpp[m[K’; did you mean ‘[01m[Krclcpp::ReliabilityPolicy::Reliable[m[K’?
   33 |     auto default_qos = rclcpp::QoS(rclcpp::[01;31m[KReliable[m[K());
      |                                            [01;31m[K^~~~~~~~[m[K
In file included from [01m[K/opt/ros/iron/include/rclcpp/rclcpp/node_interfaces/node_graph_interface.hpp:33[m[K,
                 from [01m[K/opt/ros/iron/include/rclcpp/rclcpp/client.hpp:45[m[K,
                 from [01m[K/opt/ros/iron/include/rclcpp/rclcpp/callback_group.hpp:24[m[K,
                 from [01m[K/opt/ros/iron/include/rclcpp/rclcpp/any_executable.hpp:20[m[K,
                 from [01m[K/opt/ros/iron/include/rclcpp/rclcpp/memory_strategy.hpp:25[m[K,
                 from [01m[K/opt/ros/iron/include/rclcpp/rclcpp/memory_strategies.hpp:18[m[K,
                 from [01m[K/opt/ros/iron/include/rclcpp/rclcpp/executor_options.hpp:20[m[K,
                 from [01m[K/opt/ros/iron/include/rclcpp/rclcpp/executor.hpp:37[m[K,
                 from [01m[K/opt/ros/iron/include/rclcpp/rclcpp/executors/multi_threaded_executor.hpp:25[m[K,
                 from [01m[K/opt/ros/iron/include/rclcpp/rclcpp/executors.hpp:21[m[K,
                 from [01m[K/opt/ros/iron/include/rclcpp/rclcpp/rclcpp.hpp:167[m[K,
                 from [01m[K/home/vectioneer/git/ros2_laser_scan_merger/src/main.cpp:7[m[K:
[01m[K/opt/ros/iron/include/rclcpp/rclcpp/qos.hpp:45:3:[m[K [01;36m[Knote: [m[K‘[01m[Krclcpp::ReliabilityPolicy::Reliable[m[K’ declared here
   45 |   [01;36m[KReliable[m[K = RMW_QOS_POLICY_RELIABILITY_RELIABLE,
      |   [01;36m[K^~~~~~~~[m[K
[01m[K/home/vectioneer/git/ros2_laser_scan_merger/src/main.cpp:[m[K In member function ‘[01m[Kvoid scanMerger::update_point_cloud_rgb()[m[K’:
[01m[K/home/vectioneer/git/ros2_laser_scan_merger/src/main.cpp:76:57:[m[K [01;35m[Kwarning: [m[Kcomparison of integer expressions of different signedness: ‘[01m[Kint[m[K’ and ‘[01m[Kstd::vector<float>::size_type[m[K’ {aka ‘[01m[Klong unsigned int[m[K’} [[01;35m[K]8;;https://gcc.gnu.org/onlinedocs/gcc/Warning-Options.html#index-Wsign-compare-Wsign-compare]8;;[m[K]
   76 |       for (float i = temp_min_; i <= temp_max_ && [01;35m[Kcount < laser1_->ranges.size()[m[K;
      |                                                   [01;35m[K~~~~~~^~~~~~~~~~~~~~~~~~~~~~~~[m[K
[01m[K/home/vectioneer/git/ros2_laser_scan_merger/src/main.cpp:150:57:[m[K [01;35m[Kwarning: [m[Kcomparison of integer expressions of different signedness: ‘[01m[Kint[m[K’ and ‘[01m[Kstd::vector<float>::size_type[m[K’ {aka ‘[01m[Klong unsigned int[m[K’} [[01;35m[K]8;;https://gcc.gnu.org/onlinedocs/gcc/Warning-Options.html#index-Wsign-compare-Wsign-compare]8;;[m[K]
  150 |       for (float i = temp_min_; i <= temp_max_ && [01;35m[Kcount < laser2_->ranges.size()[m[K;
      |                                                   [01;35m[K~~~~~~^~~~~~~~~~~~~~~~~~~~~~~~[m[K
gmake[2]: *** [CMakeFiles/ros2_laser_scan_merger.dir/build.make:76: CMakeFiles/ros2_laser_scan_merger.dir/src/main.cpp.o] Error 1
gmake[1]: *** [CMakeFiles/Makefile2:137: CMakeFiles/ros2_laser_scan_merger.dir/all] Error 2
gmake: *** [Makefile:146: all] Error 2
